<?xml version="1.0" encoding="UTF-8"?>
<!-- Generated by org.testng.reporters.JUnitReportReporter -->
<testsuite hostname="DESKTOP-VD4OOGI" failures="0" tests="1" name="Crud_for_reqres.pathparam_queryparam" time="1.870" errors="0" timestamp="2023-09-22T10:52:19 IST" skipped="0">
  <testcase classname="Crud_for_reqres.pathparam_queryparam" name="get" time="1.870"/>
  <system-out/>
</testsuite> <!-- Crud_for_reqres.pathparam_queryparam -->
