<?xml version="1.0" encoding="UTF-8"?>
<!-- Generated by org.testng.reporters.JUnitReportReporter -->
<testsuite hostname="DESKTOP-VD4OOGI" failures="0" tests="1" name="Serialization_Deserialization.Employee_ArrySerialization" time="0.132" errors="0" timestamp="2023-09-20T17:29:09 IST" skipped="0">
  <testcase classname="Serialization_Deserialization.Employee_ArrySerialization" name="test" time="0.132"/>
  <system-out/>
</testsuite> <!-- Serialization_Deserialization.Employee_ArrySerialization -->
