<?xml version="1.0" encoding="UTF-8"?>
<!-- Generated by org.testng.reporters.JUnitReportReporter -->
<testsuite hostname="DESKTOP-VD4OOGI" failures="0" tests="1" name="Crud_for_reqres.jsonfile" time="1.720" errors="0" timestamp="2023-10-19T01:57:33 IST" skipped="0">
  <testcase classname="Crud_for_reqres.jsonfile" name="case1" time="1.720"/>
  <system-out/>
</testsuite> <!-- Crud_for_reqres.jsonfile -->
