<?xml version="1.0" encoding="UTF-8"?>
<!-- Generated by org.testng.reporters.JUnitReportReporter -->
<testsuite hostname="DESKTOP-VD4OOGI" failures="0" tests="1" name="crudWithBDD.PathParameter" time="1.340" errors="0" timestamp="2023-09-14T15:28:50 IST" skipped="0">
  <testcase classname="crudWithBDD.PathParameter" name="get" time="1.340"/>
  <system-out/>
</testsuite> <!-- crudWithBDD.PathParameter -->
