<?xml version="1.0" encoding="UTF-8"?>
<!-- Generated by org.testng.reporters.JUnitReportReporter -->
<testsuite hostname="DESKTOP-VD4OOGI" failures="0" tests="1" name="Interview_practice.resres_interview_practice" time="3.025" errors="0" timestamp="2023-10-12T09:47:18 IST" skipped="0">
  <testcase classname="Interview_practice.resres_interview_practice" name="case11" time="3.025"/>
  <system-out/>
</testsuite> <!-- Interview_practice.resres_interview_practice -->
