<?xml version="1.0" encoding="UTF-8"?>
<!-- Generated by org.testng.reporters.JUnitReportReporter -->
<testsuite hostname="DESKTOP-VD4OOGI" failures="0" tests="1" name="CrudWithoutBdd.CreateProjectWithHashMap" time="1.764" errors="0" timestamp="2023-09-14T10:40:08 IST" skipped="0">
  <testcase classname="CrudWithoutBdd.CreateProjectWithHashMap" name="crp" time="1.764"/>
  <system-out/>
</testsuite> <!-- CrudWithoutBdd.CreateProjectWithHashMap -->
