<?xml version="1.0" encoding="UTF-8"?>
<!-- Generated by org.testng.reporters.JUnitReportReporter -->
<testsuite hostname="DESKTOP-VD4OOGI" failures="0" tests="1" name="AuthenticationANDAuthorization.Oauth2_auth" time="6.109" errors="0" timestamp="2023-09-15T16:24:56 IST" skipped="0">
  <testcase classname="AuthenticationANDAuthorization.Oauth2_auth" name="oauth2" time="6.109"/>
  <system-out/>
</testsuite> <!-- AuthenticationANDAuthorization.Oauth2_auth -->
