<?xml version="1.0" encoding="UTF-8"?>
<!-- Generated by org.testng.reporters.JUnitReportReporter -->
<testsuite hostname="DESKTOP-VD4OOGI" failures="0" tests="1" name="AuthenticationANDAuthorization.bearerToken" time="3.314" errors="0" timestamp="2023-09-15T12:46:31 IST" skipped="0">
  <testcase classname="AuthenticationANDAuthorization.bearerToken" name="bearer" time="3.314"/>
  <system-out/>
</testsuite> <!-- AuthenticationANDAuthorization.bearerToken -->
