<?xml version="1.0" encoding="UTF-8"?>
<!-- Generated by org.testng.reporters.JUnitReportReporter -->
<testsuite hostname="DESKTOP-VD4OOGI" failures="0" tests="1" name="Crud_for_reqres.StaticBodyValidation" time="2.016" errors="0" timestamp="2023-10-19T14:21:00 IST" skipped="0">
  <testcase classname="Crud_for_reqres.StaticBodyValidation" name="dynamic" time="2.016"/>
  <system-out/>
</testsuite> <!-- Crud_for_reqres.StaticBodyValidation -->
