<?xml version="1.0" encoding="UTF-8"?>
<!-- Generated by org.testng.reporters.JUnitReportReporter -->
<testsuite hostname="DESKTOP-VD4OOGI" failures="0" tests="1" name="Schema_Validation.json_Schema" time="2.761" errors="0" timestamp="2023-10-13T12:08:05 IST" skipped="0">
  <testcase classname="Schema_Validation.json_Schema" name="test" time="2.761"/>
  <system-out/>
</testsuite> <!-- Schema_Validation.json_Schema -->
