<?xml version="1.0" encoding="UTF-8"?>
<!-- Generated by org.testng.reporters.JUnitReportReporter -->
<testsuite hostname="DESKTOP-VD4OOGI" failures="0" tests="1" name="Serialization_Deserialization.Header_Validation" time="1.301" errors="0" timestamp="2023-09-19T16:12:29 IST" skipped="0">
  <testcase classname="Serialization_Deserialization.Header_Validation" name="validate" time="1.301"/>
  <system-out/>
</testsuite> <!-- Serialization_Deserialization.Header_Validation -->
