<?xml version="1.0" encoding="UTF-8"?>
<!-- Generated by org.testng.reporters.JUnitReportReporter -->
<testsuite hostname="DESKTOP-VD4OOGI" failures="0" tests="1" name="crudWithBDD.StaticResponeBodyValidation" time="7.556" errors="0" timestamp="2023-09-14T12:47:48 IST" skipped="0">
  <testcase classname="crudWithBDD.StaticResponeBodyValidation" name="srbv" time="7.556"/>
  <system-out/>
</testsuite> <!-- crudWithBDD.StaticResponeBodyValidation -->
