<?xml version="1.0" encoding="UTF-8"?>
<!-- Generated by org.testng.reporters.JUnitReportReporter -->
<testsuite hostname="DESKTOP-VD4OOGI" failures="0" tests="1" name="Interview_practice.arrayOfobj" time="0.086" errors="0" timestamp="2023-10-19T10:56:03 IST" skipped="0">
  <testcase classname="Interview_practice.arrayOfobj" name="arrayofobject" time="0.086"/>
  <system-out/>
</testsuite> <!-- Interview_practice.arrayOfobj -->
