<?xml version="1.0" encoding="UTF-8"?>
<!-- Generated by org.testng.reporters.JUnitReportReporter -->
<testsuite hostname="DESKTOP-VD4OOGI" failures="0" tests="1" name="crudWithBDD.QueryParameter" time="1.932" errors="0" timestamp="2023-09-14T15:39:07 IST" skipped="0">
  <testcase classname="crudWithBDD.QueryParameter" name="get" time="1.932"/>
  <system-out/>
</testsuite> <!-- crudWithBDD.QueryParameter -->
