<?xml version="1.0" encoding="UTF-8"?>
<!-- Generated by org.testng.reporters.JUnitReportReporter -->
<testsuite hostname="DESKTOP-VD4OOGI" failures="0" tests="1" name="threeWayValidation.validation" time="7.742" errors="0" timestamp="2023-09-21T10:30:21 IST" skipped="0">
  <testcase classname="threeWayValidation.validation" name="test" time="7.742"/>
  <system-out/>
</testsuite> <!-- threeWayValidation.validation -->
