<?xml version="1.0" encoding="UTF-8"?>
<!-- Generated by org.testng.reporters.JUnitReportReporter -->
<testsuite hostname="DESKTOP-VD4OOGI" failures="0" tests="1" name="Array_Object.DataMasking" time="1.735" errors="0" timestamp="2023-09-20T16:02:48 IST" skipped="0">
  <testcase classname="Array_Object.DataMasking" name="Data" time="1.735"/>
  <system-out/>
</testsuite> <!-- Array_Object.DataMasking -->
