<?xml version="1.0" encoding="UTF-8"?>
<!-- Generated by org.testng.reporters.JUnitReportReporter -->
<testsuite hostname="DESKTOP-VD4OOGI" failures="0" tests="1" name="threeWayValidation.Using_POM_ThrreLayer" time="13.446" errors="0" timestamp="2023-09-22T10:19:13 IST" skipped="0">
  <testcase classname="threeWayValidation.Using_POM_ThrreLayer" name="create" time="13.446"/>
  <system-out/>
</testsuite> <!-- threeWayValidation.Using_POM_ThrreLayer -->
