<?xml version="1.0" encoding="UTF-8"?>
<!-- Generated by org.testng.reporters.JUnitReportReporter -->
<testsuite hostname="DESKTOP-VD4OOGI" failures="0" tests="1" name="Crud_for_reqres.PostRequestUsing_Object" time="2.009" errors="0" timestamp="2023-09-14T16:41:03 IST" skipped="0">
  <testcase classname="Crud_for_reqres.PostRequestUsing_Object" name="Post_pojo" time="2.009"/>
  <system-out/>
</testsuite> <!-- Crud_for_reqres.PostRequestUsing_Object -->
