<?xml version="1.0" encoding="UTF-8"?>
<!-- Generated by org.testng.reporters.JUnitReportReporter -->
<testsuite hostname="DESKTOP-VD4OOGI" failures="0" tests="1" name="Serialization_Deserialization.object_Deseeialization" time="0.139" errors="0" timestamp="2023-09-20T17:44:22 IST" skipped="0">
  <testcase classname="Serialization_Deserialization.object_Deseeialization" name="test" time="0.139"/>
  <system-out/>
</testsuite> <!-- Serialization_Deserialization.object_Deseeialization -->
