<?xml version="1.0" encoding="UTF-8"?>
<!-- Generated by org.testng.reporters.JUnitReportReporter -->
<testsuite hostname="DESKTOP-VD4OOGI" failures="0" tests="1" name="Serialization_Deserialization.object_serialization" time="0.136" errors="0" timestamp="2023-09-20T17:43:27 IST" skipped="0">
  <testcase classname="Serialization_Deserialization.object_serialization" name="test" time="0.136"/>
  <system-out/>
</testsuite> <!-- Serialization_Deserialization.object_serialization -->
