<?xml version="1.0" encoding="UTF-8"?>
<!-- Generated by org.testng.reporters.JUnitReportReporter -->
<testsuite hostname="DESKTOP-VD4OOGI" failures="0" tests="1" name="Serialization_Deserialization.Employee_ArrayDeserialization" time="0.140" errors="0" timestamp="2023-09-20T17:30:39 IST" skipped="0">
  <testcase classname="Serialization_Deserialization.Employee_ArrayDeserialization" name="test" time="0.140"/>
  <system-out/>
</testsuite> <!-- Serialization_Deserialization.Employee_ArrayDeserialization -->
