<?xml version="1.0" encoding="UTF-8"?>
<!-- Generated by org.testng.reporters.JUnitReportReporter -->
<testsuite hostname="DESKTOP-VD4OOGI" failures="0" tests="1" name="CrudWithoutBdd.CreateProjectWithFile" time="3.603" errors="0" timestamp="2023-09-14T10:59:15 IST" skipped="0">
  <testcase classname="CrudWithoutBdd.CreateProjectWithFile" name="crp" time="3.603"/>
  <system-out/>
</testsuite> <!-- CrudWithoutBdd.CreateProjectWithFile -->
