<?xml version="1.0" encoding="UTF-8"?>
<!-- Generated by org.testng.reporters.JUnitReportReporter -->
<testsuite hostname="DESKTOP-VD4OOGI" failures="0" tests="1" name="CrudWithoutBdd.CreateProject" time="1.387" errors="0" timestamp="2023-09-13T12:37:38 IST" skipped="0">
  <testcase classname="CrudWithoutBdd.CreateProject" name="Delete" time="1.387"/>
  <system-out/>
</testsuite> <!-- CrudWithoutBdd.CreateProject -->
