<?xml version="1.0" encoding="UTF-8"?>
<!-- Generated by org.testng.reporters.JUnitReportReporter -->
<testsuite hostname="DESKTOP-VD4OOGI" failures="0" tests="1" name="Using_GenericUlitilies.CreateProject_ValidateDataBase" time="5.386" errors="0" timestamp="2023-09-21T11:23:17 IST" skipped="0">
  <testcase classname="Using_GenericUlitilies.CreateProject_ValidateDataBase" name="createProj" time="5.386"/>
  <system-out/>
</testsuite> <!-- Using_GenericUlitilies.CreateProject_ValidateDataBase -->
