<?xml version="1.0" encoding="UTF-8"?>
<!-- Generated by org.testng.reporters.JUnitReportReporter -->
<testsuite hostname="DESKTOP-VD4OOGI" failures="0" tests="1" name="Reqs_Spec_builder_REs_spec_builder.create_project" time="1.790" errors="0" timestamp="2023-09-20T11:02:43 IST" skipped="0">
  <testcase classname="Reqs_Spec_builder_REs_spec_builder.create_project" name="test" time="1.790"/>
  <system-out/>
</testsuite> <!-- Reqs_Spec_builder_REs_spec_builder.create_project -->
