<?xml version="1.0" encoding="UTF-8"?>
<!-- Generated by org.testng.reporters.JUnitReportReporter -->
<testsuite hostname="DESKTOP-VD4OOGI" failures="0" tests="1" name="Interview_practice.Zopsmart" time="10.896" errors="0" timestamp="2023-10-20T06:09:16 IST" skipped="0">
  <testcase classname="Interview_practice.Zopsmart" name="case2" time="10.896"/>
  <system-out/>
</testsuite> <!-- Interview_practice.Zopsmart -->
