<?xml version="1.0" encoding="UTF-8"?>
<!-- Generated by org.testng.reporters.JUnitReportReporter -->
<testsuite hostname="DESKTOP-VD4OOGI" failures="0" tests="1" name="threeWayValidation.ThreeLayers" time="9.260" errors="0" timestamp="2023-09-21T16:52:47 IST" skipped="0">
  <testcase classname="threeWayValidation.ThreeLayers" name="threeLayers" time="9.260"/>
  <system-out/>
</testsuite> <!-- threeWayValidation.ThreeLayers -->
