<?xml version="1.0" encoding="UTF-8"?>
<!-- Generated by org.testng.reporters.JUnitReportReporter -->
<testsuite hostname="DESKTOP-VD4OOGI" failures="0" tests="1" name="Serialization_Deserialization.DEserialization" time="0.159" errors="0" timestamp="2023-09-20T17:26:08 IST" skipped="0">
  <testcase classname="Serialization_Deserialization.DEserialization" name="test" time="0.159"/>
  <system-out/>
</testsuite> <!-- Serialization_Deserialization.DEserialization -->
