<?xml version="1.0" encoding="UTF-8"?>
<!-- Generated by org.testng.reporters.JUnitReportReporter -->
<testsuite hostname="DESKTOP-VD4OOGI" failures="0" tests="1" name="Serialization_Deserialization.serialization" time="0.229" errors="0" timestamp="2023-09-20T17:22:19 IST" skipped="0">
  <testcase classname="Serialization_Deserialization.serialization" name="test" time="0.229"/>
  <system-out/>
</testsuite> <!-- Serialization_Deserialization.serialization -->
