<?xml version="1.0" encoding="UTF-8"?>
<!-- Generated by org.testng.reporters.JUnitReportReporter -->
<testsuite hostname="DESKTOP-VD4OOGI" failures="0" tests="1" name="crudWithBDD.CReate" time="1.461" errors="0" timestamp="2023-09-28T15:53:36 IST" skipped="0">
  <testcase classname="crudWithBDD.CReate" name="put" time="1.461"/>
  <system-out/>
</testsuite> <!-- crudWithBDD.CReate -->
