<?xml version="1.0" encoding="UTF-8"?>
<!-- Generated by org.testng.reporters.JUnitReportReporter -->
<testsuite hostname="DESKTOP-VD4OOGI" failures="0" tests="1" name="threeWayValidation.GUI_UpdateInAPI_DB" time="9.854" errors="0" timestamp="2023-09-21T17:26:12 IST" skipped="0">
  <testcase classname="threeWayValidation.GUI_UpdateInAPI_DB" name="test" time="9.854"/>
  <system-out/>
</testsuite> <!-- threeWayValidation.GUI_UpdateInAPI_DB -->
