<?xml version="1.0" encoding="UTF-8"?>
<!-- Generated by org.testng.reporters.JUnitReportReporter -->
<testsuite hostname="DESKTOP-VD4OOGI" failures="0" tests="1" name="Array_Object.Validation" time="1.648" errors="0" timestamp="2023-09-20T15:51:54 IST" skipped="0">
  <testcase classname="Array_Object.Validation" name="SingleObject" time="1.648"/>
  <system-out/>
</testsuite> <!-- Array_Object.Validation -->
