<?xml version="1.0" encoding="UTF-8"?>
<!-- Generated by org.testng.reporters.JUnitReportReporter -->
<testsuite hostname="DESKTOP-VD4OOGI" failures="0" tests="3" name="crudWithBDD.DataProvider_POST" time="2.115" errors="0" timestamp="2023-09-15T11:11:52 IST" skipped="0">
  <testcase classname="crudWithBDD.DataProvider_POST" name="Createproject" time="1.866"/>
  <system-out/>
  <testcase classname="crudWithBDD.DataProvider_POST" name="Createproject" time="0.134"/>
  <system-out/>
  <testcase classname="crudWithBDD.DataProvider_POST" name="Createproject" time="0.115"/>
  <system-out/>
</testsuite> <!-- crudWithBDD.DataProvider_POST -->
