<?xml version="1.0" encoding="UTF-8"?>
<!-- Generated by org.testng.reporters.JUnitReportReporter -->
<testsuite hostname="DESKTOP-VD4OOGI" failures="0" tests="1" name="AuthenticationANDAuthorization.Basic_auth" time="1.543" errors="0" timestamp="2023-09-15T12:26:49 IST" skipped="0">
  <testcase classname="AuthenticationANDAuthorization.Basic_auth" name="digestive" time="1.543"/>
  <system-out/>
</testsuite> <!-- AuthenticationANDAuthorization.Basic_auth -->
