<?xml version="1.0" encoding="UTF-8"?>
<!-- Generated by org.testng.reporters.JUnitReportReporter -->
<testsuite hostname="DESKTOP-VD4OOGI" failures="0" tests="1" name="Crud_for_reqres.rreqresWith_Bdd" time="2.459" errors="0" timestamp="2023-10-19T14:18:41 IST" skipped="0">
  <testcase classname="Crud_for_reqres.rreqresWith_Bdd" name="patch" time="2.459"/>
  <system-out/>
</testsuite> <!-- Crud_for_reqres.rreqresWith_Bdd -->
