<?xml version="1.0" encoding="UTF-8"?>
<!-- Generated by org.testng.reporters.JUnitReportReporter -->
<testsuite hostname="DESKTOP-VD4OOGI" failures="0" tests="1" name="threeWayValidation.API_GUI_Database" time="8.418" errors="0" timestamp="2023-09-21T16:54:57 IST" skipped="0">
  <testcase classname="threeWayValidation.API_GUI_Database" name="test" time="8.418"/>
  <system-out/>
</testsuite> <!-- threeWayValidation.API_GUI_Database -->
