<?xml version="1.0" encoding="UTF-8"?>
<!-- Generated by org.testng.reporters.JUnitReportReporter -->
<testsuite hostname="DESKTOP-VD4OOGI" failures="0" tests="1" name="crudWithBDD.RequestChainyforProject" time="2.216" errors="0" timestamp="2023-09-14T15:28:21 IST" skipped="0">
  <testcase classname="crudWithBDD.RequestChainyforProject" name="post" time="2.216"/>
  <system-out/>
</testsuite> <!-- crudWithBDD.RequestChainyforProject -->
