<?xml version="1.0" encoding="UTF-8"?>
<!-- Generated by org.testng.reporters.JUnitReportReporter -->
<testsuite hostname="DESKTOP-VD4OOGI" failures="0" tests="1" name="CrudWithoutBdd.createProjectWithPojo" time="1.696" errors="0" timestamp="2023-09-14T11:27:17 IST" skipped="0">
  <testcase classname="CrudWithoutBdd.createProjectWithPojo" name="crp" time="1.696"/>
  <system-out/>
</testsuite> <!-- CrudWithoutBdd.createProjectWithPojo -->
